build/app/intermediates/manifest_merge_blame_file/release/processReleaseMainManifest/manifest-merger-blame-release-report.txt
1<?xml version="1.0" encoding="utf-8"?>
2<manifest xmlns:android="http://schemas.android.com/apk/res/android"
3    package="com.commv.commv"
4    android:versionCode="1"
5    android:versionName="1.0.0" >
6
7    <uses-sdk
8        android:minSdkVersion="21"
9        android:targetSdkVersion="34" />
10
11    <uses-feature
11-->src/main/AndroidManifest.xml:2:5-4:36
12        android:name="android.hardware.camera"
12-->src/main/AndroidManifest.xml:3:9-47
13        android:required="false" />
13-->src/main/AndroidManifest.xml:4:9-33
14
15    <uses-permission android:name="android.permission.INTERNET" />
15-->src/main/AndroidManifest.xml:5:5-67
15-->src/main/AndroidManifest.xml:5:22-64
16    <uses-permission android:name="android.permission.CAMERA" />
16-->src/main/AndroidManifest.xml:6:5-64
16-->src/main/AndroidManifest.xml:6:22-62
17    <uses-permission android:name="android.permission.READ_EXTERNAL_STORAGE" />
17-->src/main/AndroidManifest.xml:7:5-8:11
17-->src/main/AndroidManifest.xml:7:22-77
18    <uses-permission android:name="android.permission.WRITE_EXTERNAL_STORAGE" />
18-->src/main/AndroidManifest.xml:9:5-10:11
18-->src/main/AndroidManifest.xml:9:22-78
19    <uses-permission android:name="android.permission.ACCESS_FINE_LOCATION" />
19-->src/main/AndroidManifest.xml:11:5-78
19-->src/main/AndroidManifest.xml:11:22-76
20    <uses-permission android:name="android.permission.ACCESS_COARSE_LOCATION" />
20-->src/main/AndroidManifest.xml:12:5-80
20-->src/main/AndroidManifest.xml:12:22-78
21    <uses-permission android:name="android.permission.READ_PHONE_STATE" />
21-->src/main/AndroidManifest.xml:13:5-75
21-->src/main/AndroidManifest.xml:13:22-72
22    <uses-permission android:name="android.permission.ACCESS_COARSE_LOCATION" />
22-->src/main/AndroidManifest.xml:12:5-80
22-->src/main/AndroidManifest.xml:12:22-78
23    <uses-permission android:name="android.permission.READ_PHONE_STATE" />
23-->src/main/AndroidManifest.xml:13:5-75
23-->src/main/AndroidManifest.xml:13:22-72
24    <uses-permission android:name="android.permission.INTERNET" />
24-->src/main/AndroidManifest.xml:5:5-67
24-->src/main/AndroidManifest.xml:5:22-64
25    <uses-permission android:name="android.permission.POST_NOTIFICATIONS" />
25-->src/main/AndroidManifest.xml:18:5-77
25-->src/main/AndroidManifest.xml:18:22-74
26    <!--
27         Required to query activities that can process text, see:
28         https://developer.android.com/training/package-visibility and
29         https://developer.android.com/reference/android/content/Intent#ACTION_PROCESS_TEXT.
30
31         In particular, this is used by the Flutter engine in io.flutter.plugin.text.ProcessTextPlugin.
32    -->
33    <queries>
33-->src/main/AndroidManifest.xml:65:5-70:15
34        <intent>
34-->src/main/AndroidManifest.xml:66:9-69:18
35            <action android:name="android.intent.action.PROCESS_TEXT" />
35-->src/main/AndroidManifest.xml:67:13-72
35-->src/main/AndroidManifest.xml:67:21-70
36
37            <data android:mimeType="text/plain" />
37-->src/main/AndroidManifest.xml:68:13-50
37-->src/main/AndroidManifest.xml:68:19-48
38        </intent>
39        <!-- Needs to be explicitly declared on Android R+ -->
40        <package android:name="com.google.android.apps.maps" />
40-->[com.google.android.gms:play-services-maps:18.2.0] AndroidManifest.xml:33:9-64
40-->[com.google.android.gms:play-services-maps:18.2.0] AndroidManifest.xml:33:18-61
41    </queries>
42
43    <uses-permission android:name="android.permission.WAKE_LOCK" />
43-->[:firebase_messaging] AndroidManifest.xml:8:5-68
43-->[:firebase_messaging] AndroidManifest.xml:8:22-65
44    <uses-permission android:name="android.permission.ACCESS_NETWORK_STATE" />
44-->[:firebase_messaging] AndroidManifest.xml:9:5-79
44-->[:firebase_messaging] AndroidManifest.xml:9:22-76
45
46    <uses-feature
46-->[com.google.android.gms:play-services-maps:18.2.0] AndroidManifest.xml:26:5-28:35
47        android:glEsVersion="0x00020000"
47-->[com.google.android.gms:play-services-maps:18.2.0] AndroidManifest.xml:27:9-41
48        android:required="true" /> <!-- Required by older versions of Google Play services to create IID tokens -->
48-->[com.google.android.gms:play-services-maps:18.2.0] AndroidManifest.xml:28:9-32
49    <uses-permission android:name="com.google.android.c2dm.permission.RECEIVE" />
49-->[com.google.firebase:firebase-messaging:24.1.2] AndroidManifest.xml:26:5-82
49-->[com.google.firebase:firebase-messaging:24.1.2] AndroidManifest.xml:26:22-79
50
51    <permission
51-->[androidx.core:core:1.13.1] AndroidManifest.xml:22:5-24:47
52        android:name="com.commv.commv.DYNAMIC_RECEIVER_NOT_EXPORTED_PERMISSION"
52-->[androidx.core:core:1.13.1] AndroidManifest.xml:23:9-81
53        android:protectionLevel="signature" />
53-->[androidx.core:core:1.13.1] AndroidManifest.xml:24:9-44
54
55    <uses-permission android:name="com.commv.commv.DYNAMIC_RECEIVER_NOT_EXPORTED_PERMISSION" />
55-->[androidx.core:core:1.13.1] AndroidManifest.xml:26:5-97
55-->[androidx.core:core:1.13.1] AndroidManifest.xml:26:22-94
56
57    <application
58        android:name="android.app.Application"
58-->src/main/AndroidManifest.xml:22:9-42
59        android:appComponentFactory="androidx.core.app.CoreComponentFactory"
59-->[androidx.core:core:1.13.1] AndroidManifest.xml:28:18-86
60        android:extractNativeLibs="true"
61        android:icon="@mipmap/ic_launcher"
61-->src/main/AndroidManifest.xml:23:9-43
62        android:label="commv" >
62-->src/main/AndroidManifest.xml:21:9-30
63        <activity
63-->src/main/AndroidManifest.xml:24:9-45:20
64            android:name="com.commv.commvdriver.MainActivity"
64-->src/main/AndroidManifest.xml:25:13-41
65            android:configChanges="orientation|keyboardHidden|keyboard|screenSize|smallestScreenSize|locale|layoutDirection|fontScale|screenLayout|density|uiMode"
65-->src/main/AndroidManifest.xml:30:13-163
66            android:exported="true"
66-->src/main/AndroidManifest.xml:26:13-36
67            android:hardwareAccelerated="true"
67-->src/main/AndroidManifest.xml:31:13-47
68            android:launchMode="singleTop"
68-->src/main/AndroidManifest.xml:27:13-43
69            android:taskAffinity=""
69-->src/main/AndroidManifest.xml:28:13-36
70            android:theme="@style/LaunchTheme"
70-->src/main/AndroidManifest.xml:29:13-47
71            android:windowSoftInputMode="adjustResize" >
71-->src/main/AndroidManifest.xml:32:13-55
72
73            <!--
74                 Specifies an Android theme to apply to this Activity as soon as
75                 the Android process has started. This theme is visible to the user
76                 while the Flutter UI initializes. After that, this theme continues
77                 to determine the Window background behind the Flutter UI.
78            -->
79            <meta-data
79-->src/main/AndroidManifest.xml:37:13-40:17
80                android:name="io.flutter.embedding.android.NormalTheme"
80-->src/main/AndroidManifest.xml:38:15-70
81                android:resource="@style/NormalTheme" />
81-->src/main/AndroidManifest.xml:39:15-52
82
83            <intent-filter>
83-->src/main/AndroidManifest.xml:41:13-44:29
84                <action android:name="android.intent.action.MAIN" />
84-->src/main/AndroidManifest.xml:42:17-68
84-->src/main/AndroidManifest.xml:42:25-66
85
86                <category android:name="android.intent.category.LAUNCHER" />
86-->src/main/AndroidManifest.xml:43:17-76
86-->src/main/AndroidManifest.xml:43:27-74
87            </intent-filter>
88        </activity>
89        <!--
90             Don't delete the meta-data below.
91             This is used by the Flutter tool to generate GeneratedPluginRegistrant.java
92        -->
93        <meta-data
93-->src/main/AndroidManifest.xml:48:9-50:33
94            android:name="flutterEmbedding"
94-->src/main/AndroidManifest.xml:49:13-44
95            android:value="2" />
95-->src/main/AndroidManifest.xml:50:13-30
96        <meta-data
96-->src/main/AndroidManifest.xml:51:9-53:70
97            android:name="com.google.android.geo.API_KEY"
97-->src/main/AndroidManifest.xml:52:13-58
98            android:value="AIzaSyCZS8BFO35e-deCgcJYcXtccNKstXFgQMQ" />
98-->src/main/AndroidManifest.xml:53:13-68
99        <meta-data
99-->src/main/AndroidManifest.xml:55:9-57:47
100            android:name="com.google.firebase.messaging.default_notification_channel_id"
100-->src/main/AndroidManifest.xml:56:13-89
101            android:value="default_channel" />
101-->src/main/AndroidManifest.xml:57:13-44
102
103        <service
103-->[:firebase_messaging] AndroidManifest.xml:14:9-17:72
104            android:name="io.flutter.plugins.firebase.messaging.FlutterFirebaseMessagingBackgroundService"
104-->[:firebase_messaging] AndroidManifest.xml:15:13-107
105            android:exported="false"
105-->[:firebase_messaging] AndroidManifest.xml:16:13-37
106            android:permission="android.permission.BIND_JOB_SERVICE" />
106-->[:firebase_messaging] AndroidManifest.xml:17:13-69
107        <service
107-->[:firebase_messaging] AndroidManifest.xml:18:9-24:19
108            android:name="io.flutter.plugins.firebase.messaging.FlutterFirebaseMessagingService"
108-->[:firebase_messaging] AndroidManifest.xml:19:13-97
109            android:exported="false" >
109-->[:firebase_messaging] AndroidManifest.xml:20:13-37
110            <intent-filter>
110-->[:firebase_messaging] AndroidManifest.xml:21:13-23:29
111                <action android:name="com.google.firebase.MESSAGING_EVENT" />
111-->[:firebase_messaging] AndroidManifest.xml:22:17-78
111-->[:firebase_messaging] AndroidManifest.xml:22:25-75
112            </intent-filter>
113        </service>
114
115        <receiver
115-->[:firebase_messaging] AndroidManifest.xml:26:9-33:20
116            android:name="io.flutter.plugins.firebase.messaging.FlutterFirebaseMessagingReceiver"
116-->[:firebase_messaging] AndroidManifest.xml:27:13-98
117            android:exported="true"
117-->[:firebase_messaging] AndroidManifest.xml:28:13-36
118            android:permission="com.google.android.c2dm.permission.SEND" >
118-->[:firebase_messaging] AndroidManifest.xml:29:13-73
119            <intent-filter>
119-->[:firebase_messaging] AndroidManifest.xml:30:13-32:29
120                <action android:name="com.google.android.c2dm.intent.RECEIVE" />
120-->[:firebase_messaging] AndroidManifest.xml:31:17-81
120-->[:firebase_messaging] AndroidManifest.xml:31:25-78
121            </intent-filter>
122        </receiver>
123
124        <service
124-->[:firebase_messaging] AndroidManifest.xml:35:9-39:19
125            android:name="com.google.firebase.components.ComponentDiscoveryService"
125-->[:firebase_messaging] AndroidManifest.xml:35:18-89
126            android:directBootAware="true"
126-->[com.google.firebase:firebase-common:21.0.0] AndroidManifest.xml:32:13-43
127            android:exported="false" >
127-->[com.google.firebase:firebase-messaging:24.1.2] AndroidManifest.xml:56:13-37
128            <meta-data
128-->[:firebase_messaging] AndroidManifest.xml:36:13-38:85
129                android:name="com.google.firebase.components:io.flutter.plugins.firebase.messaging.FlutterFirebaseAppRegistrar"
129-->[:firebase_messaging] AndroidManifest.xml:37:17-128
130                android:value="com.google.firebase.components.ComponentRegistrar" />
130-->[:firebase_messaging] AndroidManifest.xml:38:17-82
131            <meta-data
131-->[:firebase_core] AndroidManifest.xml:9:13-11:85
132                android:name="com.google.firebase.components:io.flutter.plugins.firebase.core.FlutterFirebaseCoreRegistrar"
132-->[:firebase_core] AndroidManifest.xml:10:17-124
133                android:value="com.google.firebase.components.ComponentRegistrar" />
133-->[:firebase_core] AndroidManifest.xml:11:17-82
134            <meta-data
134-->[com.google.firebase:firebase-messaging:24.1.2] AndroidManifest.xml:57:13-59:85
135                android:name="com.google.firebase.components:com.google.firebase.messaging.FirebaseMessagingKtxRegistrar"
135-->[com.google.firebase:firebase-messaging:24.1.2] AndroidManifest.xml:58:17-122
136                android:value="com.google.firebase.components.ComponentRegistrar" />
136-->[com.google.firebase:firebase-messaging:24.1.2] AndroidManifest.xml:59:17-82
137            <meta-data
137-->[com.google.firebase:firebase-messaging:24.1.2] AndroidManifest.xml:60:13-62:85
138                android:name="com.google.firebase.components:com.google.firebase.messaging.FirebaseMessagingRegistrar"
138-->[com.google.firebase:firebase-messaging:24.1.2] AndroidManifest.xml:61:17-119
139                android:value="com.google.firebase.components.ComponentRegistrar" />
139-->[com.google.firebase:firebase-messaging:24.1.2] AndroidManifest.xml:62:17-82
140            <meta-data
140-->[com.google.firebase:firebase-installations:18.0.0] AndroidManifest.xml:15:13-17:85
141                android:name="com.google.firebase.components:com.google.firebase.installations.FirebaseInstallationsKtxRegistrar"
141-->[com.google.firebase:firebase-installations:18.0.0] AndroidManifest.xml:16:17-130
142                android:value="com.google.firebase.components.ComponentRegistrar" />
142-->[com.google.firebase:firebase-installations:18.0.0] AndroidManifest.xml:17:17-82
143            <meta-data
143-->[com.google.firebase:firebase-installations:18.0.0] AndroidManifest.xml:18:13-20:85
144                android:name="com.google.firebase.components:com.google.firebase.installations.FirebaseInstallationsRegistrar"
144-->[com.google.firebase:firebase-installations:18.0.0] AndroidManifest.xml:19:17-127
145                android:value="com.google.firebase.components.ComponentRegistrar" />
145-->[com.google.firebase:firebase-installations:18.0.0] AndroidManifest.xml:20:17-82
146            <meta-data
146-->[com.google.firebase:firebase-common-ktx:21.0.0] AndroidManifest.xml:12:13-14:85
147                android:name="com.google.firebase.components:com.google.firebase.ktx.FirebaseCommonLegacyRegistrar"
147-->[com.google.firebase:firebase-common-ktx:21.0.0] AndroidManifest.xml:13:17-116
148                android:value="com.google.firebase.components.ComponentRegistrar" />
148-->[com.google.firebase:firebase-common-ktx:21.0.0] AndroidManifest.xml:14:17-82
149            <meta-data
149-->[com.google.firebase:firebase-common:21.0.0] AndroidManifest.xml:35:13-37:85
150                android:name="com.google.firebase.components:com.google.firebase.FirebaseCommonKtxRegistrar"
150-->[com.google.firebase:firebase-common:21.0.0] AndroidManifest.xml:36:17-109
151                android:value="com.google.firebase.components.ComponentRegistrar" />
151-->[com.google.firebase:firebase-common:21.0.0] AndroidManifest.xml:37:17-82
152            <meta-data
152-->[com.google.firebase:firebase-datatransport:18.2.0] AndroidManifest.xml:25:13-27:85
153                android:name="com.google.firebase.components:com.google.firebase.datatransport.TransportRegistrar"
153-->[com.google.firebase:firebase-datatransport:18.2.0] AndroidManifest.xml:26:17-115
154                android:value="com.google.firebase.components.ComponentRegistrar" />
154-->[com.google.firebase:firebase-datatransport:18.2.0] AndroidManifest.xml:27:17-82
155        </service>
156
157        <provider
157-->[:firebase_messaging] AndroidManifest.xml:41:9-45:38
158            android:name="io.flutter.plugins.firebase.messaging.FlutterFirebaseMessagingInitProvider"
158-->[:firebase_messaging] AndroidManifest.xml:42:13-102
159            android:authorities="com.commv.commv.flutterfirebasemessaginginitprovider"
159-->[:firebase_messaging] AndroidManifest.xml:43:13-88
160            android:exported="false"
160-->[:firebase_messaging] AndroidManifest.xml:44:13-37
161            android:initOrder="99" />
161-->[:firebase_messaging] AndroidManifest.xml:45:13-35
162        <provider
162-->[:image_picker_android] AndroidManifest.xml:9:9-17:20
163            android:name="io.flutter.plugins.imagepicker.ImagePickerFileProvider"
163-->[:image_picker_android] AndroidManifest.xml:10:13-82
164            android:authorities="com.commv.commv.flutter.image_provider"
164-->[:image_picker_android] AndroidManifest.xml:11:13-74
165            android:exported="false"
165-->[:image_picker_android] AndroidManifest.xml:12:13-37
166            android:grantUriPermissions="true" >
166-->[:image_picker_android] AndroidManifest.xml:13:13-47
167            <meta-data
167-->[:image_picker_android] AndroidManifest.xml:14:13-16:75
168                android:name="android.support.FILE_PROVIDER_PATHS"
168-->[:image_picker_android] AndroidManifest.xml:15:17-67
169                android:resource="@xml/flutter_image_picker_file_paths" />
169-->[:image_picker_android] AndroidManifest.xml:16:17-72
170        </provider> <!-- Trigger Google Play services to install the backported photo picker module. -->
171        <service
171-->[:image_picker_android] AndroidManifest.xml:19:9-31:19
172            android:name="com.google.android.gms.metadata.ModuleDependencies"
172-->[:image_picker_android] AndroidManifest.xml:20:13-78
173            android:enabled="false"
173-->[:image_picker_android] AndroidManifest.xml:21:13-36
174            android:exported="false" >
174-->[:image_picker_android] AndroidManifest.xml:22:13-37
175            <intent-filter>
175-->[:image_picker_android] AndroidManifest.xml:24:13-26:29
176                <action android:name="com.google.android.gms.metadata.MODULE_DEPENDENCIES" />
176-->[:image_picker_android] AndroidManifest.xml:25:17-94
176-->[:image_picker_android] AndroidManifest.xml:25:25-91
177            </intent-filter>
178
179            <meta-data
179-->[:image_picker_android] AndroidManifest.xml:28:13-30:36
180                android:name="photopicker_activity:0:required"
180-->[:image_picker_android] AndroidManifest.xml:29:17-63
181                android:value="" />
181-->[:image_picker_android] AndroidManifest.xml:30:17-33
182        </service>
183        <service
183-->[:geolocator_android] AndroidManifest.xml:8:9-12:56
184            android:name="com.baseflow.geolocator.GeolocatorLocationService"
184-->[:geolocator_android] AndroidManifest.xml:9:13-77
185            android:enabled="true"
185-->[:geolocator_android] AndroidManifest.xml:10:13-35
186            android:exported="false"
186-->[:geolocator_android] AndroidManifest.xml:11:13-37
187            android:foregroundServiceType="location" />
187-->[:geolocator_android] AndroidManifest.xml:12:13-53
188
189        <activity
189-->[:url_launcher_android] AndroidManifest.xml:8:9-11:74
190            android:name="io.flutter.plugins.urllauncher.WebViewActivity"
190-->[:url_launcher_android] AndroidManifest.xml:9:13-74
191            android:exported="false"
191-->[:url_launcher_android] AndroidManifest.xml:10:13-37
192            android:theme="@android:style/Theme.NoTitleBar.Fullscreen" /> <!-- Needs to be explicitly declared on P+ -->
192-->[:url_launcher_android] AndroidManifest.xml:11:13-71
193        <uses-library
193-->[com.google.android.gms:play-services-maps:18.2.0] AndroidManifest.xml:39:9-41:40
194            android:name="org.apache.http.legacy"
194-->[com.google.android.gms:play-services-maps:18.2.0] AndroidManifest.xml:40:13-50
195            android:required="false" />
195-->[com.google.android.gms:play-services-maps:18.2.0] AndroidManifest.xml:41:13-37
196
197        <receiver
197-->[com.google.firebase:firebase-messaging:24.1.2] AndroidManifest.xml:29:9-40:20
198            android:name="com.google.firebase.iid.FirebaseInstanceIdReceiver"
198-->[com.google.firebase:firebase-messaging:24.1.2] AndroidManifest.xml:30:13-78
199            android:exported="true"
199-->[com.google.firebase:firebase-messaging:24.1.2] AndroidManifest.xml:31:13-36
200            android:permission="com.google.android.c2dm.permission.SEND" >
200-->[com.google.firebase:firebase-messaging:24.1.2] AndroidManifest.xml:32:13-73
201            <intent-filter>
201-->[:firebase_messaging] AndroidManifest.xml:30:13-32:29
202                <action android:name="com.google.android.c2dm.intent.RECEIVE" />
202-->[:firebase_messaging] AndroidManifest.xml:31:17-81
202-->[:firebase_messaging] AndroidManifest.xml:31:25-78
203            </intent-filter>
204
205            <meta-data
205-->[com.google.firebase:firebase-messaging:24.1.2] AndroidManifest.xml:37:13-39:40
206                android:name="com.google.android.gms.cloudmessaging.FINISHED_AFTER_HANDLED"
206-->[com.google.firebase:firebase-messaging:24.1.2] AndroidManifest.xml:38:17-92
207                android:value="true" />
207-->[com.google.firebase:firebase-messaging:24.1.2] AndroidManifest.xml:39:17-37
208        </receiver>
209        <!--
210             FirebaseMessagingService performs security checks at runtime,
211             but set to not exported to explicitly avoid allowing another app to call it.
212        -->
213        <service
213-->[com.google.firebase:firebase-messaging:24.1.2] AndroidManifest.xml:46:9-53:19
214            android:name="com.google.firebase.messaging.FirebaseMessagingService"
214-->[com.google.firebase:firebase-messaging:24.1.2] AndroidManifest.xml:47:13-82
215            android:directBootAware="true"
215-->[com.google.firebase:firebase-messaging:24.1.2] AndroidManifest.xml:48:13-43
216            android:exported="false" >
216-->[com.google.firebase:firebase-messaging:24.1.2] AndroidManifest.xml:49:13-37
217            <intent-filter android:priority="-500" >
217-->[:firebase_messaging] AndroidManifest.xml:21:13-23:29
218                <action android:name="com.google.firebase.MESSAGING_EVENT" />
218-->[:firebase_messaging] AndroidManifest.xml:22:17-78
218-->[:firebase_messaging] AndroidManifest.xml:22:25-75
219            </intent-filter>
220        </service>
221
222        <activity
222-->[com.google.android.gms:play-services-base:18.3.0] AndroidManifest.xml:20:9-22:45
223            android:name="com.google.android.gms.common.api.GoogleApiActivity"
223-->[com.google.android.gms:play-services-base:18.3.0] AndroidManifest.xml:20:19-85
224            android:exported="false"
224-->[com.google.android.gms:play-services-base:18.3.0] AndroidManifest.xml:22:19-43
225            android:theme="@android:style/Theme.Translucent.NoTitleBar" />
225-->[com.google.android.gms:play-services-base:18.3.0] AndroidManifest.xml:21:19-78
226
227        <provider
227-->[com.google.firebase:firebase-common:21.0.0] AndroidManifest.xml:23:9-28:39
228            android:name="com.google.firebase.provider.FirebaseInitProvider"
228-->[com.google.firebase:firebase-common:21.0.0] AndroidManifest.xml:24:13-77
229            android:authorities="com.commv.commv.firebaseinitprovider"
229-->[com.google.firebase:firebase-common:21.0.0] AndroidManifest.xml:25:13-72
230            android:directBootAware="true"
230-->[com.google.firebase:firebase-common:21.0.0] AndroidManifest.xml:26:13-43
231            android:exported="false"
231-->[com.google.firebase:firebase-common:21.0.0] AndroidManifest.xml:27:13-37
232            android:initOrder="100" />
232-->[com.google.firebase:firebase-common:21.0.0] AndroidManifest.xml:28:13-36
233
234        <uses-library
234-->[androidx.window:window:1.2.0] AndroidManifest.xml:23:9-25:40
235            android:name="androidx.window.extensions"
235-->[androidx.window:window:1.2.0] AndroidManifest.xml:24:13-54
236            android:required="false" />
236-->[androidx.window:window:1.2.0] AndroidManifest.xml:25:13-37
237        <uses-library
237-->[androidx.window:window:1.2.0] AndroidManifest.xml:26:9-28:40
238            android:name="androidx.window.sidecar"
238-->[androidx.window:window:1.2.0] AndroidManifest.xml:27:13-51
239            android:required="false" />
239-->[androidx.window:window:1.2.0] AndroidManifest.xml:28:13-37
240
241        <meta-data
241-->[com.google.android.gms:play-services-basement:18.3.0] AndroidManifest.xml:21:9-23:69
242            android:name="com.google.android.gms.version"
242-->[com.google.android.gms:play-services-basement:18.3.0] AndroidManifest.xml:22:13-58
243            android:value="@integer/google_play_services_version" />
243-->[com.google.android.gms:play-services-basement:18.3.0] AndroidManifest.xml:23:13-66
244
245        <provider
245-->[androidx.lifecycle:lifecycle-process:2.7.0] AndroidManifest.xml:24:9-32:20
246            android:name="androidx.startup.InitializationProvider"
246-->[androidx.lifecycle:lifecycle-process:2.7.0] AndroidManifest.xml:25:13-67
247            android:authorities="com.commv.commv.androidx-startup"
247-->[androidx.lifecycle:lifecycle-process:2.7.0] AndroidManifest.xml:26:13-68
248            android:exported="false" >
248-->[androidx.lifecycle:lifecycle-process:2.7.0] AndroidManifest.xml:27:13-37
249            <meta-data
249-->[androidx.lifecycle:lifecycle-process:2.7.0] AndroidManifest.xml:29:13-31:52
250                android:name="androidx.lifecycle.ProcessLifecycleInitializer"
250-->[androidx.lifecycle:lifecycle-process:2.7.0] AndroidManifest.xml:30:17-78
251                android:value="androidx.startup" />
251-->[androidx.lifecycle:lifecycle-process:2.7.0] AndroidManifest.xml:31:17-49
252            <meta-data
252-->[androidx.profileinstaller:profileinstaller:1.3.1] AndroidManifest.xml:29:13-31:52
253                android:name="androidx.profileinstaller.ProfileInstallerInitializer"
253-->[androidx.profileinstaller:profileinstaller:1.3.1] AndroidManifest.xml:30:17-85
254                android:value="androidx.startup" />
254-->[androidx.profileinstaller:profileinstaller:1.3.1] AndroidManifest.xml:31:17-49
255        </provider>
256
257        <receiver
257-->[androidx.profileinstaller:profileinstaller:1.3.1] AndroidManifest.xml:34:9-52:20
258            android:name="androidx.profileinstaller.ProfileInstallReceiver"
258-->[androidx.profileinstaller:profileinstaller:1.3.1] AndroidManifest.xml:35:13-76
259            android:directBootAware="false"
259-->[androidx.profileinstaller:profileinstaller:1.3.1] AndroidManifest.xml:36:13-44
260            android:enabled="true"
260-->[androidx.profileinstaller:profileinstaller:1.3.1] AndroidManifest.xml:37:13-35
261            android:exported="true"
261-->[androidx.profileinstaller:profileinstaller:1.3.1] AndroidManifest.xml:38:13-36
262            android:permission="android.permission.DUMP" >
262-->[androidx.profileinstaller:profileinstaller:1.3.1] AndroidManifest.xml:39:13-57
263            <intent-filter>
263-->[androidx.profileinstaller:profileinstaller:1.3.1] AndroidManifest.xml:40:13-42:29
264                <action android:name="androidx.profileinstaller.action.INSTALL_PROFILE" />
264-->[androidx.profileinstaller:profileinstaller:1.3.1] AndroidManifest.xml:41:17-91
264-->[androidx.profileinstaller:profileinstaller:1.3.1] AndroidManifest.xml:41:25-88
265            </intent-filter>
266            <intent-filter>
266-->[androidx.profileinstaller:profileinstaller:1.3.1] AndroidManifest.xml:43:13-45:29
267                <action android:name="androidx.profileinstaller.action.SKIP_FILE" />
267-->[androidx.profileinstaller:profileinstaller:1.3.1] AndroidManifest.xml:44:17-85
267-->[androidx.profileinstaller:profileinstaller:1.3.1] AndroidManifest.xml:44:25-82
268            </intent-filter>
269            <intent-filter>
269-->[androidx.profileinstaller:profileinstaller:1.3.1] AndroidManifest.xml:46:13-48:29
270                <action android:name="androidx.profileinstaller.action.SAVE_PROFILE" />
270-->[androidx.profileinstaller:profileinstaller:1.3.1] AndroidManifest.xml:47:17-88
270-->[androidx.profileinstaller:profileinstaller:1.3.1] AndroidManifest.xml:47:25-85
271            </intent-filter>
272            <intent-filter>
272-->[androidx.profileinstaller:profileinstaller:1.3.1] AndroidManifest.xml:49:13-51:29
273                <action android:name="androidx.profileinstaller.action.BENCHMARK_OPERATION" />
273-->[androidx.profileinstaller:profileinstaller:1.3.1] AndroidManifest.xml:50:17-95
273-->[androidx.profileinstaller:profileinstaller:1.3.1] AndroidManifest.xml:50:25-92
274            </intent-filter>
275        </receiver>
276
277        <service
277-->[com.google.android.datatransport:transport-backend-cct:3.1.9] AndroidManifest.xml:28:9-34:19
278            android:name="com.google.android.datatransport.runtime.backends.TransportBackendDiscovery"
278-->[com.google.android.datatransport:transport-backend-cct:3.1.9] AndroidManifest.xml:29:13-103
279            android:exported="false" >
279-->[com.google.android.datatransport:transport-backend-cct:3.1.9] AndroidManifest.xml:30:13-37
280            <meta-data
280-->[com.google.android.datatransport:transport-backend-cct:3.1.9] AndroidManifest.xml:31:13-33:39
281                android:name="backend:com.google.android.datatransport.cct.CctBackendFactory"
281-->[com.google.android.datatransport:transport-backend-cct:3.1.9] AndroidManifest.xml:32:17-94
282                android:value="cct" />
282-->[com.google.android.datatransport:transport-backend-cct:3.1.9] AndroidManifest.xml:33:17-36
283        </service>
284        <service
284-->[com.google.android.datatransport:transport-runtime:3.1.9] AndroidManifest.xml:26:9-30:19
285            android:name="com.google.android.datatransport.runtime.scheduling.jobscheduling.JobInfoSchedulerService"
285-->[com.google.android.datatransport:transport-runtime:3.1.9] AndroidManifest.xml:27:13-117
286            android:exported="false"
286-->[com.google.android.datatransport:transport-runtime:3.1.9] AndroidManifest.xml:28:13-37
287            android:permission="android.permission.BIND_JOB_SERVICE" >
287-->[com.google.android.datatransport:transport-runtime:3.1.9] AndroidManifest.xml:29:13-69
288        </service>
289
290        <receiver
290-->[com.google.android.datatransport:transport-runtime:3.1.9] AndroidManifest.xml:32:9-34:40